<?xml version="1.0" encoding="UTF-8"?>
<coverage generated="1570683062187" clover="3.2.0">
  <project timestamp="1570683062187" name="All files">
    <metrics statements="34" coveredstatements="32" conditionals="14" coveredconditionals="10" methods="9" coveredmethods="9" elements="57" coveredelements="51" complexity="0" loc="34" ncloc="34" packages="1" files="1" classes="1"/>
    <file name="stacks-and-queues.js" path="/Users/ollie/alchemy/career-track/data-structures-and-algorithms/challenges/stacks-and-queues/stacks-and-queues.js">
      <metrics statements="34" coveredstatements="32" conditionals="14" coveredconditionals="10" methods="9" coveredmethods="9"/>
      <line num="3" count="21" type="stmt"/>
      <line num="4" count="21" type="stmt"/>
      <line num="10" count="6" type="stmt"/>
      <line num="14" count="11" type="stmt"/>
      <line num="16" count="11" type="cond" truecount="2" falsecount="0"/>
      <line num="17" count="5" type="stmt"/>
      <line num="20" count="11" type="stmt"/>
      <line num="21" count="11" type="stmt"/>
      <line num="25" count="5" type="stmt"/>
      <line num="27" count="5" type="cond" truecount="1" falsecount="1"/>
      <line num="28" count="0" type="stmt"/>
      <line num="30" count="5" type="cond" truecount="2" falsecount="0"/>
      <line num="31" count="1" type="stmt"/>
      <line num="32" count="1" type="stmt"/>
      <line num="33" count="1" type="stmt"/>
      <line num="36" count="4" type="stmt"/>
      <line num="37" count="4" type="stmt"/>
      <line num="38" count="4" type="stmt"/>
      <line num="50" count="1" type="cond" truecount="1" falsecount="1"/>
      <line num="56" count="6" type="stmt"/>
      <line num="60" count="10" type="stmt"/>
      <line num="61" count="10" type="stmt"/>
      <line num="63" count="10" type="cond" truecount="2" falsecount="0"/>
      <line num="64" count="5" type="stmt"/>
      <line num="67" count="5" type="stmt"/>
      <line num="68" count="2" type="stmt"/>
      <line num="71" count="5" type="stmt"/>
      <line num="76" count="4" type="stmt"/>
      <line num="78" count="4" type="cond" truecount="1" falsecount="1"/>
      <line num="79" count="0" type="stmt"/>
      <line num="82" count="4" type="stmt"/>
      <line num="83" count="4" type="stmt"/>
      <line num="87" count="1" type="cond" truecount="1" falsecount="1"/>
      <line num="91" count="1" type="stmt"/>
    </file>
  </project>
</coverage>
