<?xml version="1.0" encoding="UTF-8"?>
<coverage generated="1571030350420" clover="3.2.0">
  <project timestamp="1571030350420" name="All files">
    <metrics statements="20" coveredstatements="18" conditionals="10" coveredconditionals="7" methods="8" coveredmethods="3" elements="38" coveredelements="28" complexity="0" loc="20" ncloc="20" packages="1" files="1" classes="1"/>
    <file name="tree.js" path="/Users/ollie/alchemy/career-track/data-structures-and-algorithms/challenges/tree/tree.js">
      <metrics statements="20" coveredstatements="18" conditionals="10" coveredconditionals="7" methods="8" coveredmethods="3"/>
      <line num="3" count="8" type="stmt"/>
      <line num="4" count="8" type="stmt"/>
      <line num="5" count="8" type="stmt"/>
      <line num="11" count="6" type="stmt"/>
      <line num="15" count="8" type="stmt"/>
      <line num="17" count="8" type="cond" truecount="2" falsecount="0"/>
      <line num="18" count="4" type="stmt"/>
      <line num="21" count="4" type="stmt"/>
      <line num="23" count="4" type="stmt"/>
      <line num="24" count="4" type="cond" truecount="2" falsecount="0"/>
      <line num="26" count="2" type="cond" truecount="1" falsecount="1"/>
      <line num="27" count="2" type="stmt"/>
      <line num="28" count="2" type="stmt"/>
      <line num="31" count="2" type="cond" truecount="1" falsecount="1"/>
      <line num="33" count="2" type="cond" truecount="1" falsecount="1"/>
      <line num="34" count="2" type="stmt"/>
      <line num="35" count="2" type="stmt"/>
      <line num="64" count="0" type="stmt"/>
      <line num="70" count="0" type="stmt"/>
      <line num="86" count="1" type="stmt"/>
    </file>
  </project>
</coverage>
