<?xml version="1.0" encoding="UTF-8"?>
<coverage generated="1570961140646" clover="3.2.0">
  <project timestamp="1570961140646" name="All files">
    <metrics statements="21" coveredstatements="21" conditionals="14" coveredconditionals="14" methods="1" coveredmethods="1" elements="36" coveredelements="36" complexity="0" loc="21" ncloc="21" packages="1" files="1" classes="1"/>
    <file name="multi-bracket.js" path="/Users/ollie/alchemy/career-track/data-structures-and-algorithms/challenges/multi-bracket-validation/multi-bracket.js">
      <metrics statements="21" coveredstatements="21" conditionals="14" coveredconditionals="14" methods="1" coveredmethods="1"/>
      <line num="2" count="10" type="stmt"/>
      <line num="3" count="10" type="stmt"/>
      <line num="4" count="10" type="stmt"/>
      <line num="6" count="10" type="stmt"/>
      <line num="7" count="52" type="cond" truecount="2" falsecount="0"/>
      <line num="8" count="7" type="stmt"/>
      <line num="11" count="52" type="cond" truecount="2" falsecount="0"/>
      <line num="12" count="5" type="stmt"/>
      <line num="15" count="52" type="cond" truecount="2" falsecount="0"/>
      <line num="16" count="7" type="stmt"/>
      <line num="19" count="52" type="cond" truecount="2" falsecount="0"/>
      <line num="20" count="5" type="stmt"/>
      <line num="23" count="52" type="cond" truecount="2" falsecount="0"/>
      <line num="24" count="7" type="stmt"/>
      <line num="27" count="52" type="cond" truecount="2" falsecount="0"/>
      <line num="28" count="5" type="stmt"/>
      <line num="32" count="10" type="stmt"/>
      <line num="34" count="10" type="cond" truecount="2" falsecount="0"/>
      <line num="35" count="6" type="stmt"/>
      <line num="38" count="4" type="stmt"/>
      <line num="41" count="1" type="stmt"/>
    </file>
  </project>
</coverage>
