{"/Users/ollie/alchemy/career-track/data-structures-and-algorithms/challenges/hashtable/hashtable.js": {"path":"/Users/ollie/alchemy/career-track/data-structures-and-algorithms/challenges/hashtable/hashtable.js","statementMap":{"0":{"start":{"line":1,"column":0},"end":{"line":42,"column":2}},"1":{"start":{"line":3,"column":4},"end":{"line":3,"column":28}},"2":{"start":{"line":4,"column":4},"end":{"line":4,"column":43}},"3":{"start":{"line":9,"column":18},"end":{"line":9,"column":32}},"4":{"start":{"line":10,"column":4},"end":{"line":10,"column":37}},"5":{"start":{"line":14,"column":19},"end":{"line":14,"column":43}},"6":{"start":{"line":16,"column":4},"end":{"line":20,"column":5}},"7":{"start":{"line":16,"column":16},"end":{"line":16,"column":17}},"8":{"start":{"line":17,"column":6},"end":{"line":19,"column":7}},"9":{"start":{"line":18,"column":8},"end":{"line":18,"column":30}},"10":{"start":{"line":21,"column":4},"end":{"line":21,"column":16}},"11":{"start":{"line":25,"column":19},"end":{"line":25,"column":43}},"12":{"start":{"line":27,"column":4},"end":{"line":31,"column":5}},"13":{"start":{"line":27,"column":16},"end":{"line":27,"column":17}},"14":{"start":{"line":28,"column":6},"end":{"line":30,"column":7}},"15":{"start":{"line":29,"column":8},"end":{"line":29,"column":20}},"16":{"start":{"line":32,"column":4},"end":{"line":32,"column":17}},"17":{"start":{"line":36,"column":4},"end":{"line":40,"column":22}},"18":{"start":{"line":38,"column":8},"end":{"line":38,"column":47}}},"fnMap":{"0":{"name":"(anonymous_0)","decl":{"start":{"line":2,"column":2},"end":{"line":2,"column":3}},"loc":{"start":{"line":2,"column":28},"end":{"line":5,"column":3}},"line":2},"1":{"name":"(anonymous_1)","decl":{"start":{"line":8,"column":2},"end":{"line":8,"column":3}},"loc":{"start":{"line":8,"column":18},"end":{"line":11,"column":3}},"line":8},"2":{"name":"(anonymous_2)","decl":{"start":{"line":13,"column":2},"end":{"line":13,"column":3}},"loc":{"start":{"line":13,"column":11},"end":{"line":22,"column":3}},"line":13},"3":{"name":"(anonymous_3)","decl":{"start":{"line":24,"column":2},"end":{"line":24,"column":3}},"loc":{"start":{"line":24,"column":16},"end":{"line":33,"column":3}},"line":24},"4":{"name":"(anonymous_4)","decl":{"start":{"line":35,"column":2},"end":{"line":35,"column":3}},"loc":{"start":{"line":35,"column":12},"end":{"line":41,"column":3}},"line":35},"5":{"name":"(anonymous_5)","decl":{"start":{"line":37,"column":14},"end":{"line":37,"column":15}},"loc":{"start":{"line":37,"column":34},"end":{"line":39,"column":7}},"line":37}},"branchMap":{"0":{"loc":{"start":{"line":2,"column":14},"end":{"line":2,"column":26}},"type":"default-arg","locations":[{"start":{"line":2,"column":24},"end":{"line":2,"column":26}}],"line":2},"1":{"loc":{"start":{"line":17,"column":6},"end":{"line":19,"column":7}},"type":"if","locations":[{"start":{"line":17,"column":6},"end":{"line":19,"column":7}},{"start":{"line":17,"column":6},"end":{"line":19,"column":7}}],"line":17},"2":{"loc":{"start":{"line":28,"column":6},"end":{"line":30,"column":7}},"type":"if","locations":[{"start":{"line":28,"column":6},"end":{"line":30,"column":7}},{"start":{"line":28,"column":6},"end":{"line":30,"column":7}}],"line":28}},"s":{"0":1,"1":10,"2":10,"3":12,"4":12,"5":3,"6":3,"7":3,"8":2,"9":2,"10":1,"11":5,"12":5,"13":5,"14":4,"15":4,"16":1,"17":21,"18":83},"f":{"0":10,"1":12,"2":3,"3":5,"4":21,"5":83},"b":{"0":[10],"1":[2,0],"2":[4,0]},"_coverageSchema":"43e27e138ebf9cfc5966b082cf9a028302ed4184","hash":"89a94569e64aff011c85314a7298e117d0b16c05"}
}
