{"/Users/ollie/alchemy/career-track/data-structures-and-algorithms/challenges/array-shift/array-shift.js": {"path":"/Users/ollie/alchemy/career-track/data-structures-and-algorithms/challenges/array-shift/array-shift.js","statementMap":{"0":{"start":{"line":5,"column":0},"end":{"line":5,"column":36}}},"fnMap":{"0":{"name":"insertShiftArray","decl":{"start":{"line":1,"column":9},"end":{"line":1,"column":25}},"loc":{"start":{"line":1,"column":40},"end":{"line":3,"column":1}},"line":1}},"branchMap":{},"s":{"0":1},"f":{"0":1},"b":{},"_coverageSchema":"43e27e138ebf9cfc5966b082cf9a028302ed4184","hash":"55dcb575bab52f3f6cdf5c8aaf911dd4ad71d32c"}
}
