TN:
SF:/Users/ollie/alchemy/career-track/data-structures-and-algorithms/challenges/hashtable/hashtable.js
FN:2,(anonymous_0)
FN:8,(anonymous_1)
FN:13,(anonymous_2)
FN:28,(anonymous_3)
FN:38,(anonymous_4)
FN:40,(anonymous_5)
FNF:6
FNH:5
FNDA:2,(anonymous_0)
FNDA:2,(anonymous_1)
FNDA:0,(anonymous_2)
FNDA:2,(anonymous_3)
FNDA:2,(anonymous_4)
FNDA:8,(anonymous_5)
DA:1,1
DA:3,2
DA:4,2
DA:9,2
DA:10,2
DA:14,0
DA:16,0
DA:17,0
DA:18,0
DA:22,0
DA:29,2
DA:30,24
DA:31,1
DA:35,1
DA:39,2
DA:41,8
LF:16
LH:11
BRDA:2,0,0,2
BRDA:17,1,0,0
BRDA:17,1,1,0
BRDA:30,2,0,1
BRDA:30,2,1,23
BRF:5
BRH:3
end_of_record
