TN:
SF:/Users/ollie/alchemy/career-track/data-structures-and-algorithms/challenges/tree/tree.js
FN:2,(anonymous_0)
FN:10,(anonymous_1)
FN:14,(anonymous_2)
FN:23,(anonymous_3)
FN:43,(anonymous_4)
FN:71,(anonymous_5)
FN:75,(anonymous_6)
FN:78,(anonymous_7)
FN:94,(anonymous_8)
FN:97,(anonymous_9)
FN:109,(anonymous_10)
FN:112,(anonymous_11)
FNF:12
FNH:5
FNDA:20,(anonymous_0)
FNDA:4,(anonymous_1)
FNDA:20,(anonymous_2)
FNDA:44,(anonymous_3)
FNDA:10,(anonymous_4)
FNDA:0,(anonymous_5)
FNDA:0,(anonymous_6)
FNDA:0,(anonymous_7)
FNDA:0,(anonymous_8)
FNDA:0,(anonymous_9)
FNDA:0,(anonymous_10)
FNDA:0,(anonymous_11)
DA:3,20
DA:4,20
DA:5,20
DA:11,4
DA:15,20
DA:17,20
DA:18,4
DA:21,20
DA:23,20
DA:24,44
DA:25,12
DA:26,8
DA:29,12
DA:31,32
DA:32,12
DA:33,8
DA:36,12
DA:40,20
DA:44,10
DA:46,10
DA:47,22
DA:48,5
DA:51,17
DA:52,13
DA:53,3
DA:56,10
DA:59,14
DA:60,6
DA:61,2
DA:64,4
DA:72,0
DA:76,0
DA:78,0
DA:79,0
DA:81,0
DA:82,0
DA:85,0
DA:86,0
DA:90,0
DA:91,0
DA:95,0
DA:97,0
DA:98,0
DA:99,0
DA:100,0
DA:101,0
DA:105,0
DA:106,0
DA:110,0
DA:112,0
DA:113,0
DA:114,0
DA:115,0
DA:116,0
DA:120,0
DA:121,0
DA:125,1
LF:57
LH:31
BRDA:17,0,0,4
BRDA:17,0,1,16
BRDA:24,1,0,12
BRDA:24,1,1,32
BRDA:25,2,0,8
BRDA:25,2,1,4
BRDA:31,3,0,12
BRDA:31,3,1,20
BRDA:32,4,0,8
BRDA:32,4,1,4
BRDA:47,5,0,5
BRDA:47,5,1,17
BRDA:51,6,0,13
BRDA:51,6,1,4
BRDA:52,7,0,3
BRDA:52,7,1,10
BRDA:59,8,0,6
BRDA:59,8,1,8
BRDA:60,9,0,2
BRDA:60,9,1,4
BRDA:81,10,0,0
BRDA:81,10,1,0
BRDA:85,11,0,0
BRDA:85,11,1,0
BRDA:98,12,0,0
BRDA:98,12,1,0
BRDA:113,13,0,0
BRDA:113,13,1,0
BRF:28
BRH:20
end_of_record
TN:
SF:/Users/ollie/alchemy/career-track/data-structures-and-algorithms/challenges/tree-intersection/tree-intersection.js
FN:1,treeIntersection
FNF:1
FNH:1
FNDA:2,treeIntersection
DA:1,1
DA:2,2
DA:3,2
DA:5,2
DA:7,2
DA:8,10
DA:9,5
DA:12,10
DA:13,4
DA:16,10
DA:17,4
DA:20,10
DA:23,2
DA:24,1
DA:27,1
LF:15
LH:15
BRDA:8,0,0,5
BRDA:8,0,1,5
BRDA:12,1,0,4
BRDA:12,1,1,6
BRDA:16,2,0,4
BRDA:16,2,1,6
BRDA:23,3,0,1
BRDA:23,3,1,1
BRF:8
BRH:8
end_of_record
